<?xml version="1.0" encoding="UTF-8"?>
<!-- Generated by org.testng.reporters.JUnitReportReporter -->
<testsuite hostname="DESKTOP-4D5QIGT" failures="0" tests="1" name="com.fb.qa.testcase.SignUpPageTest" time="12.497" errors="0" timestamp="2022-08-18T22:54:35 IST" skipped="0">
  <testcase classname="com.fb.qa.testcase.SignUpPageTest" name="createNewAccountTest" time="12.497"/>
  <system-out/>
</testsuite> <!-- com.fb.qa.testcase.SignUpPageTest -->
