<?xml version="1.0" encoding="UTF-8"?>
<!-- Generated by org.testng.reporters.JUnitReportReporter -->
<testsuite hostname="DESKTOP-4D5QIGT" failures="0" tests="1" name="com.fb.qa.testcase.HomePageTest" time="8.925" errors="0" timestamp="2022-08-18T22:47:46 IST" skipped="0">
  <testcase classname="com.fb.qa.testcase.HomePageTest" name="verifyHomePageTitleTest" time="8.925"/>
  <system-out/>
</testsuite> <!-- com.fb.qa.testcase.HomePageTest -->
