<?xml version="1.0" encoding="UTF-8"?>
<!-- Generated by org.testng.reporters.JUnitReportReporter -->
<testsuite hostname="DESKTOP-4D5QIGT" failures="0" tests="1" name="com.fb.qa.testcase.LoginPageTest" time="9.335" errors="0" timestamp="2022-08-18T22:46:06 IST" skipped="0">
  <testcase classname="com.fb.qa.testcase.LoginPageTest" name="loginTest" time="9.335"/>
  <system-out/>
</testsuite> <!-- com.fb.qa.testcase.LoginPageTest -->
